INFO:sim:172 - Generating IP...
Resolving generics for 'Data_Memory'...
Applying external generics to 'Data_Memory'...
Delivering associated files for 'Data_Memory'...
Delivering EJava files for 'Data_Memory'...
Generating implementation netlist for 'Data_Memory'...
INFO:sim - Pre-processing HDL files for 'Data_Memory'...
Running synthesis for 'Data_Memory'
Running ngcbuild...
Writing VEO instantiation template for 'Data_Memory'...
Writing Verilog behavioral simulation model for 'Data_Memory'...
WARNING:sim - Overwriting existing file
   G:/Microprocessor/ipcore_dir/tmp/_cg/Data_Memory/doc/blk_mem_gen_v7_3_vinfo.h
   tml with file from view xilinx_documentation
Delivered 1 file into directory G:/Microprocessor/ipcore_dir/tmp/_cg/Data_Memory
Generating ASY schematic symbol...
INFO:sim:949 - Finished generation of ASY schematic symbol.
Generating SYM schematic symbol for 'Data_Memory'...
Generating metadata file...
Generating ISE project file for 'Data_Memory'...
Generating ISE project...
XCO file found: Data_Memory.xco
XMDF file found: Data_Memory_xmdf.tcl
Adding G:/Microprocessor/ipcore_dir/tmp/_cg/Data_Memory.asy -view all
-origin_type imported
Adding G:/Microprocessor/ipcore_dir/tmp/_cg/Data_Memory.ngc -view all
-origin_type created
Checking file "G:/Microprocessor/ipcore_dir/tmp/_cg/Data_Memory.ngc" for project
device match ...
File "G:/Microprocessor/ipcore_dir/tmp/_cg/Data_Memory.ngc" device information
matches project device.
Adding G:/Microprocessor/ipcore_dir/tmp/_cg/Data_Memory.sym -view all
-origin_type imported
Adding G:/Microprocessor/ipcore_dir/tmp/_cg/Data_Memory.v -view all -origin_type
created
INFO:HDLCompiler:1845 - Analyzing Verilog file
   "G:/Microprocessor/ipcore_dir/tmp/_cg/Data_Memory.v" into library work
INFO:ProjectMgmt - Parsing design hierarchy completed successfully.
Adding G:/Microprocessor/ipcore_dir/tmp/_cg/Data_Memory.veo -view all
-origin_type imported
INFO:TclTasksC:2116 - The automatic calculation of top has been turned-off.
   Please set the new top explicitly by running the "project set top" command.
   To re-calculate the new top automatically, set the "Auto Implementation Top"
   property to true.
Top level has been set to "/Data_Memory"
Generating README file...
Generating FLIST file...
INFO:sim:948 - Finished FLIST file generation.
Launching README viewer...
Moving files to output directory...
Finished moving files to output directory
Wrote CGP file for project 'Data_Memory'.
